2025-05-30T10:43:07.561Z	Data Science Intern	New York
2025-05-30T10:46:45.652Z	Data Science Intern	New York
2025-05-30T10:49:40.614Z	Data Science Intern	New York
2025-05-30T11:20:05.056Z	Data Science Intern	New York
2025-05-30T11:20:09.249Z	Data Science Intern	New York
2025-05-30T11:32:31.268Z	Data Science Intern	New York
2025-05-30T11:34:59.674Z	investment management	New York
2025-05-30T11:35:38.989Z	Investment Banking	New York
2025-05-30T11:41:13.133Z	Investment Banking Intern	New York
2025-05-30T11:46:11.635Z	data science Intern	bengaluru
2025-05-31T21:49:30.567Z	investment management intern	new york
2025-05-31T21:52:15.093Z	investment management intern	california
2025-05-31T21:54:04.937Z	investment management intern	bengaluru
2025-06-01T23:24:05.749Z	product management intern	california
2025-06-14T16:04:38.341Z	Investment Management Intern	New York
2025-06-14T16:13:11.228Z	investment companies	united states
2025-06-14T16:18:28.150Z	investment banking	united states
2025-06-14T16:18:45.114Z	investment managment	united states
2025-06-14T16:20:10.618Z	Data Science Intern	New York
2025-06-14T16:22:55.353Z	consulting	New York
2025-06-14T16:23:25.542Z	consulting	united states
2025-06-14T16:27:10.832Z	investment management	united states
